mode: set
github.com/ALTA-CAPSTONE-GROUP1/e-proposal-BE/feature/admin/subtype/usecase/logic.go:15.49,19.2 1 1
github.com/ALTA-CAPSTONE-GROUP1/e-proposal-BE/feature/admin/subtype/usecase/logic.go:21.70,29.59 5 1
github.com/ALTA-CAPSTONE-GROUP1/e-proposal-BE/feature/admin/subtype/usecase/logic.go:39.2,39.57 1 1
github.com/ALTA-CAPSTONE-GROUP1/e-proposal-BE/feature/admin/subtype/usecase/logic.go:57.2,57.12 1 1
github.com/ALTA-CAPSTONE-GROUP1/e-proposal-BE/feature/admin/subtype/usecase/logic.go:29.59,37.3 5 1
github.com/ALTA-CAPSTONE-GROUP1/e-proposal-BE/feature/admin/subtype/usecase/logic.go:39.57,40.66 1 1
github.com/ALTA-CAPSTONE-GROUP1/e-proposal-BE/feature/admin/subtype/usecase/logic.go:40.66,42.4 1 1
github.com/ALTA-CAPSTONE-GROUP1/e-proposal-BE/feature/admin/subtype/usecase/logic.go:42.9,42.72 1 1
github.com/ALTA-CAPSTONE-GROUP1/e-proposal-BE/feature/admin/subtype/usecase/logic.go:42.72,44.4 1 1
github.com/ALTA-CAPSTONE-GROUP1/e-proposal-BE/feature/admin/subtype/usecase/logic.go:44.9,44.95 1 1
github.com/ALTA-CAPSTONE-GROUP1/e-proposal-BE/feature/admin/subtype/usecase/logic.go:44.95,46.4 1 1
github.com/ALTA-CAPSTONE-GROUP1/e-proposal-BE/feature/admin/subtype/usecase/logic.go:46.9,46.90 1 1
github.com/ALTA-CAPSTONE-GROUP1/e-proposal-BE/feature/admin/subtype/usecase/logic.go:46.90,48.4 1 1
github.com/ALTA-CAPSTONE-GROUP1/e-proposal-BE/feature/admin/subtype/usecase/logic.go:48.9,48.86 1 1
github.com/ALTA-CAPSTONE-GROUP1/e-proposal-BE/feature/admin/subtype/usecase/logic.go:48.86,50.4 1 1
github.com/ALTA-CAPSTONE-GROUP1/e-proposal-BE/feature/admin/subtype/usecase/logic.go:50.9,50.75 1 1
github.com/ALTA-CAPSTONE-GROUP1/e-proposal-BE/feature/admin/subtype/usecase/logic.go:50.75,52.4 1 1
github.com/ALTA-CAPSTONE-GROUP1/e-proposal-BE/feature/admin/subtype/usecase/logic.go:52.9,54.4 1 1
github.com/ALTA-CAPSTONE-GROUP1/e-proposal-BE/feature/admin/subtype/usecase/logic.go:60.145,61.16 1 1
github.com/ALTA-CAPSTONE-GROUP1/e-proposal-BE/feature/admin/subtype/usecase/logic.go:66.2,67.16 2 1
github.com/ALTA-CAPSTONE-GROUP1/e-proposal-BE/feature/admin/subtype/usecase/logic.go:85.2,85.39 1 1
github.com/ALTA-CAPSTONE-GROUP1/e-proposal-BE/feature/admin/subtype/usecase/logic.go:61.16,64.3 2 1
github.com/ALTA-CAPSTONE-GROUP1/e-proposal-BE/feature/admin/subtype/usecase/logic.go:67.16,68.61 1 1
github.com/ALTA-CAPSTONE-GROUP1/e-proposal-BE/feature/admin/subtype/usecase/logic.go:72.3,72.60 1 1
github.com/ALTA-CAPSTONE-GROUP1/e-proposal-BE/feature/admin/subtype/usecase/logic.go:76.3,76.62 1 1
github.com/ALTA-CAPSTONE-GROUP1/e-proposal-BE/feature/admin/subtype/usecase/logic.go:81.3,82.95 2 1
github.com/ALTA-CAPSTONE-GROUP1/e-proposal-BE/feature/admin/subtype/usecase/logic.go:68.61,71.4 2 1
github.com/ALTA-CAPSTONE-GROUP1/e-proposal-BE/feature/admin/subtype/usecase/logic.go:72.60,75.4 2 1
github.com/ALTA-CAPSTONE-GROUP1/e-proposal-BE/feature/admin/subtype/usecase/logic.go:76.62,79.4 2 1
